         w __deregister_frame_info
         w __register_frame_info
         w __syscall_lock_close_recursive
         w userAppExit
         w userAppInit
00000000 00000802 B __ctru_dev_utf16_buf
00000000 b _TLS_MODULE_BASE_
00000000 a shift
00000000 a shift
00000804 00000401 B __ctru_dev_path_buf
00100000 A __start__
00100000 T _start
00100008 T __service_ptr
0010000c T __apt_appid
00100010 T __heap_size
00100014 T __linear_heap_size
00100018 T __system_arglist
0010001c T __system_runflags
00100020 t startup
00100058 t ClearMem
0010006c t ClrLoop
00100094 T _init
001000ac T __aeabi_idiv
001000ac 00000220 T __divsi3
001000b4 t .divsi3_skip_div0_test
001002cc 00000020 T __aeabi_idivmod
001002ec 00000004 W __aeabi_idiv0
001002ec 00000004 W __aeabi_ldiv0
001002f0 T __aeabi_uldivmod
00100348 00000390 T strcmp
001006d0 t .udivsi3_skip_div0_test
001006d0 T __aeabi_uidiv
001006d0 000001ec T __udivsi3
001008bc 00000020 T __aeabi_uidivmod
001008dc T __aeabi_drsub
001008e4 000002b0 T __aeabi_dsub
001008e4 000002b0 T __subdf3
001008e8 000002ac T __adddf3
001008e8 000002ac T __aeabi_dadd
00100b94 00000024 T __aeabi_ui2d
00100b94 00000024 T __floatunsidf
00100bb8 00000028 T __aeabi_i2d
00100bb8 00000028 T __floatsidf
00100be0 00000048 T __aeabi_f2d
00100be0 00000048 T __extendsfdf2
00100c28 00000074 T __aeabi_ul2d
00100c28 00000074 T __floatundidf
00100c3c 00000060 T __aeabi_l2d
00100c3c 00000060 T __floatdidf
00100c9c t __do_global_dtors_aux
00100cdc t frame_dummy
00100d08 00000154 T http_download
00100e5c 000002c4 T http_downloadsave
00101120 0000007c T downloadfile
0010119c 000000cc T main
00101268 000001e8 t parseColor
00101450 00000018 T consoleSelect
00101468 000001ac T consoleDrawChar
00101614 00000124 T consolePrintChar
00101738 00000b94 T con_write
001022cc 000000fc t newRow
001023c8 00000168 T consoleInit
00102530 000000d0 t gfxPresentFramebuffer
00102600 0000001c T gfxIsWide
0010261c 000000ec T gfxSetScreenFormat
00102708 00000010 T gfxSetDoubleBuffering
00102718 000000e0 T gfxInit
001027f8 00000010 T gfxInitDefault
00102808 000000a0 T gfxGetFramebuffer
001028a8 00000104 T gfxFlushBuffers
001029ac 00000050 T gfxSwapBuffers
001029fc 00000050 T gfxSwapBuffersGpu
00102a4c 00000c58 t gspHardwareInit
001036a4 00000248 T gspInit
001038ec 000000a0 T gspPresentBuffer
0010398c 00000044 T gspWaitForEvent
001039d0 00000004 W gxCmdQueueInterrupt
001039d4 00000158 t gspEventThreadMain
00103b2c 00000050 T GSPGPU_FlushDataCache
00103b7c 00000034 T GSPGPU_SetLcdForceBlack
00103bb0 00000068 T GSPGPU_AcquireRight
00103c18 00000048 T GSPGPU_ReleaseRight
00103c60 0000007c T GSPGPU_ImportDisplayCaptureInfo
00103cdc 0000002c T GSPGPU_SaveVramSysArea
00103d08 0000002c T GSPGPU_RestoreVramSysArea
00103d34 000001a4 t aptConvertScreenForCapture
00103ed8 00000008 W aptDspSleep
00103ee0 00000004 W aptDspWakeup
00103ee4 00000004 W aptDspCancel
00103ee8 00000158 T aptSendCommand
00104040 00000044 t aptExitProcess
00104084 000002f4 T aptExit
00104378 000000e0 T aptHandleSleep
00104458 00000084 T APT_SleepIfShellClosed
001044dc 00000084 T aptSetSleepAllowed
00104560 00000084 T APT_UnlockTransition
001045e8 000004a4 t aptEventHandler
00104a8c 000000b0 T APT_ReceiveParameter
00104b3c 000000b0 t aptReceiveParameter.constprop.0
00104bf0 000002ac t aptScreenTransfer
00104e9c 00000344 t aptWaitForWakeUp.isra.0
001051e0 00000100 T aptJumpToHomeMenu
001052e0 00000048 T aptMainLoop
00105328 0000022c T aptInit
00105554 0000007c T APT_CheckNew3DS
001055d0 00000024 W hidShouldUseIrrst
001055f4 0000018c T hidInit
00105780 000000e8 T hidExit
00105868 000002a4 T hidScanInput
00105b0c 0000019c T httpcInit
00105ca8 00000150 T httpcOpenContext
00105df8 00000040 T httpcCloseContext
00105e38 00000138 T httpcDownloadData
00105f70 00000030 T httpcBeginRequest
00105fa0 00000054 T httpcGetDownloadSizeState
00105ff4 0000003c T httpcGetResponseStatusCode
00106030 00000038 W __libctru_init
00106068 00000170 W __system_initArgv
001061d8 T svcControlMemory
001061f8 T svcQueryMemory
00106228 T svcExitProcess
00106230 T svcCreateThread
00106250 T svcExitThread
00106258 T svcSleepThread
00106260 T svcReleaseMutex
00106268 T svcCreateEvent
0010627c T svcSignalEvent
00106284 T svcClearEvent
0010628c T svcCreateMemoryBlock
001062a4 T svcMapMemoryBlock
001062ac T svcUnmapMemoryBlock
001062b4 T svcCreateAddressArbiter
001062c8 T svcArbitrateAddressNoTimeout
001062d0 T svcCloseHandle
001062d8 T svcWaitSynchronization
001062e0 T svcWaitSynchronizationN
00106308 T svcDuplicateHandle
0010631c T svcConnectToPort
00106330 T svcSendSyncRequest
00106338 T svcGetResourceLimit
0010634c T svcGetResourceLimitLimitValues
00106354 T svcGetResourceLimitCurrentValues
0010635c T svcBreak
00106364 W initSystem
001063b4 W __ctru_exit
001063cc 00000024 t addrMapNodeComparator(rbtree_node const*, rbtree_node const*)
001063f0 00000004 t addrMapNodeDestructor(rbtree_node*)
001063f4 00000250 T vramMemAlignAt
00106644 0000000c T vramAlloc
00106650 00000090 T vramFree
001066e0 00000024 t addrMapNodeComparator(rbtree_node const*, rbtree_node const*)
00106704 00000004 t addrMapNodeDestructor(rbtree_node*)
00106708 00000120 T linearMemAlign
00106828 00000008 T linearAlloc
00106830 0000005c T linearFree
0010688c 00000080 T MemPool::CoalesceRight(MemBlock*)
0010690c 0000016c T MemPool::Allocate(MemChunk&, unsigned long, int)
00106a78 000000fc T MemPool::Deallocate(MemChunk const&)
00106b74 00000030 T MemPool::GetFreeSpace()
00106ba4 0000000c T __sync_init
00106bb0 00000018 T __sync_fini
00106bc8 0000002c T syncArbitrateAddress
00106bf4 000000b0 T LightLock_Lock
00106ca4 00000040 T LightLock_Unlock
00106ce4 00000024 T RecursiveLock_Init
00106d08 00000030 T RecursiveLock_Lock
00106d38 00000054 T RecursiveLock_Unlock
00106d8c 00000040 T LightEvent_Init
00106dcc 000000a4 T LightEvent_Clear
00106e70 000000c8 T LightEvent_Signal
00106f38 00000050 T LightEvent_TryWait
00106f88 000000b0 T LightEvent_Wait
00107038 00000034 T __ctru_speedup_config
0010706c 00000130 T srvInit
0010719c 00000058 T srvExit
001071f4 000000a0 T srvGetServiceHandleDirect
00107294 00000038 T srvGetServiceHandle
001072cc 00000038 T srvPublishToSubscriber
00107304 00000178 T threadCreate
0010747c 0000002c T threadFree
001074a8 00000024 T threadJoin
001074cc 00000030 T threadGetCurrent
001074fc 00000040 T threadExit
0010753c 00000020 t _thread_begin
0010755c 000000b4 t mappableFindAddressWithin
00107610 00000028 T mappableInit
00107638 00000080 T mappableAlloc
001076b8 00000004 T mappableFree
001076bc 00000164 T irrstInit
00107820 000000cc T irrstExit
001078ec 000000b4 T irrstScanInput
001079a0 00000024 T irrstKeysHeld
001079c4 0000000c T srvPmGetSessionHandle
001079d0 00000074 T ptmSysmInit
00107a44 0000003c T ptmSysmExit
00107a80 00000034 T PTMSYSM_ConfigureNew3DSCPU
00107ab4 00000010 T rbtree_init
00107ac4 000001b4 t do_insert
00107c78 00000008 T rbtree_insert
00107c80 00000090 T rbtree_rotate
00107d10 00000318 T rbtree_remove
00108028 00000074 T rbtree_find
0010809c 00000030 W __appInit
001080cc 00000030 T __syscall_getreent
001080fc 00000004 T __syscall_lock_acquire
00108100 00000004 T __syscall_lock_release
00108104 00000004 T __syscall_lock_init_recursive
00108108 00000004 T __syscall_lock_acquire_recursive
0010810c 00000004 T __syscall_lock_release_recursive
00108110 00000004 T __syscall_exit
00108114 00000050 T initThreadVars
00108164 00000068 T __system_initSyscalls
001081d0 000001e0 W __system_allocateHeaps
001083b0 00000030 W __appExit
001083e0 00000090 W __libctru_exit
00108470 00000084 W envGetHandle
001084f4 00000050 W envDestroyHandles
00108544 00000014 t archive_link
00108558 00000014 t archive_dirreset
0010856c 00000014 t archive_chmod
00108580 00000024 t error_cmp
001085a4 00000050 t archive_translate_error
001085f4 000000c8 t archive_seek
001086bc 0000007c t _archiveInit.part.0
00108738 000000c4 t archiveFindDevice.part.0
001087fc 0000025c t archive_utf16path
00108a58 000000a0 t _archiveUnmountDeviceStruct.part.0
00108af8 00000014 t archive_fchmod
00108b0c 00000014 t archive_statvfs
00108b20 00000164 t _archiveMountDevice
00108c84 000000e8 t archive_diropen
00108d6c 000000a4 t archive_fstat
00108e10 0000006c t archive_close
00108e7c 0000006c t archive_fsync
00108ee8 00000070 t archive_dirclose
00108f58 000000e8 t sdmc_statvfs
00109040 000000ec t archive_chdir
0010912c 0000007c t archive_ftruncate
001091a8 000000ac t archive_read
00109254 000000a4 t archive_unlink
001092f8 000000bc t archive_rmdir
001093b4 000000dc t archive_mkdir
00109490 0000019c t archive_stat
0010962c 0000015c t archive_dirnext
00109788 000000ec t archive_write
00109874 000001d4 t archive_open
00109a48 00000278 t archive_rename
00109cc0 0000019c T archiveMountSdmc
00109e5c 00000054 T archiveUnmountAll
00109eb0 000000cc T fsInit
00109f7c 0000003c T fsExit
00109fb8 00000060 T fsExemptFromSession
0010a018 00000050 T fsUnexemptFromSession
0010a068 000000cc T FSUSER_OpenFile
0010a134 000000bc T FSUSER_DeleteFile
0010a1f0 000000f8 T FSUSER_RenameFile
0010a2e8 000000bc T FSUSER_DeleteDirectory
0010a3a4 000000d4 T FSUSER_CreateFile
0010a478 000000c4 T FSUSER_CreateDirectory
0010a53c 000000f8 T FSUSER_RenameDirectory
0010a634 000000b4 T FSUSER_OpenDirectory
0010a6e8 00000098 T FSUSER_OpenArchive
0010a780 0000008c T FSUSER_CloseArchive
0010a80c 00000074 T FSUSER_GetSdmcArchiveResource
0010a880 00000064 T FSUSER_IsSdmcWritable
0010a8e4 00000058 T FSFILE_Read
0010a93c 00000060 T FSFILE_Write
0010a99c 0000003c T FSFILE_GetSize
0010a9d8 00000028 T FSFILE_SetSize
0010aa00 0000003c T FSFILE_Close
0010aa3c 00000024 T FSFILE_Flush
0010aa60 00000050 T FSDIR_Read
0010aab0 0000003c T FSDIR_Close
0010aaec 0000005c T rbtree_node_next
0010ab48 000000e8 T utf16_to_utf8
0010ac30 00000064 T decode_utf16
0010ac94 0000013c T decode_utf8
0010add0 000000c0 T utf8_to_utf16
0010ae90 T __aeabi_read_tp
0010ae9c 00000054 T encode_utf16
0010aef0 000000e0 T encode_utf8
0010afd0 00000120 T __udivmoddi4
0010b0f0 00000078 T bsearch
0010b168 00000020 T calloc
0010b188 000000c0 T _calloc_r
0010b248 0000000c T __errno
0010b254 00000034 T exit
0010b288 0000015c T _fclose_r
0010b3e4 00000018 T fclose
0010b3fc 00000234 T __sflush_r
0010b630 00000094 T _fflush_r
0010b6c4 00000038 T fflush
0010b6fc 0000000c T _cleanup_r
0010b708 00000184 T __sinit
0010b88c 00000134 T __sfp
0010b9c0 0000000c T __sfp_lock_acquire
0010b9cc 0000000c T __sfp_lock_release
0010b9d8 0000003c T __libc_fini_array
0010ba14 00000134 T _fopen_r
0010bb48 00000020 T fopen
0010bb68 000000f8 T _malloc_trim_r
0010bc60 000002e8 T _free_r
0010bf48 0000001c T _fseek_r
0010bf64 00000590 T _fseeko_r
0010c4f4 00000068 T _fwalk
0010c55c 00000070 T _fwalk_reent
0010c5cc 000000f0 T _fwrite_r
0010c6bc 00000038 T fwrite
0010c6f4 00000084 T __libc_init_array
0010c778 00000138 T __smakebuf_r
0010c8b0 0000008c T __swhatbuf_r
0010c93c 00000020 T memalign
0010c95c 0000014c T _memalign_r
0010caa8 00000018 T malloc
0010cac0 00000018 T free
0010cad8 000007e4 T _malloc_r
0010d2bc 000000e4 T memchr
0010d3a0 00000118 T memcpy
0010d4b8 000000f4 T memset
0010d5ac 0000000c T __malloc_lock
0010d5b8 0000000c T __malloc_unlock
0010d5c4 00000034 T printf
0010d5f8 000000e0 T _puts_r
0010d6d8 00000018 T puts
0010d6f0 0000001c t lflush
0010d70c 00000198 T __srefill_r
0010d8a4 0000025c T setvbuf
0010db00 00000074 T sscanf
0010db74 00000044 T __sread
0010dbb8 00000008 T __seofread
0010dbc0 00000068 T __swrite
0010dc28 00000044 T __sseek
0010dc6c 00000008 T __sclose
0010dc74 0000005c T strlen
0010dcd0 000000e4 T strncat
0010ddb4 000000e4 T strncmp
0010de98 000000c4 T strncpy
0010df5c 00000048 T strnlen
0010dfa4 000001c4 t _strtoul_l.constprop.0
0010e168 00000004 T _strtoul_r
0010e16c 00000028 T strtoul
0010e194 00000050 t get_arg
0010e1e4 00002c38 T __ssvfscanf_r
00110e1c 0000066c t get_arg
00111488 0000339c T _vfprintf_r
00114824 000000d0 t __sbprintf
001148f4 00000054 T _wcrtomb_r
00114948 00000028 T _wcsrtombs_r
00114970 0000013c T __swsetup_r
00114aac 00000114 T __call_exitprocs
00114bc0 000001b0 t quorem
00114d70 000011f8 T _dtoa_r
00115f68 000000c8 T __sflags
00116030 000004b4 T __sfvwrite_r
001164e4 00000008 T iswspace
001164ec 0000000c T _localeconv_r
001164f8 00000010 T __locale_mb_cur_max
00116508 00000068 T _mbrtowc_r
00116570 000002f8 T __utf8_mbtowc
00116868 00000150 T memmove
001169b8 00000088 T _Balloc
00116a40 0000001c T _Bfree
00116a5c 000000f4 T __multadd
00116b50 00000110 T __s2b
00116c60 00000060 T __hi0bits
00116cc0 0000009c T __lo0bits
00116d5c 000000a8 T __i2b
00116e04 00000204 T __multiply
00117008 00000124 T __pow5mult
0011712c 00000140 T __lshift
0011726c 00000058 T __mcmp
001172c4 000001ec T __mdiff
001174b0 00000068 T __ulp
00117518 000000d0 T __b2d
001175e8 00000120 T __d2b
00117708 00000078 T __ratio
00117780 00000088 T __copybits
00117808 0000005c T __any_on
00117864 00000020 T realloc
00117884 000004a0 T _realloc_r
00117d24 000000f4 T __sccl
00117e18 0000000c T nanf
00117e28 00000088 T frexp
00117eb0 00000064 T sprintf
00117f14 000000cc T stpncpy
00117fe0 00000130 T strchr
00118110 00000064 t sulp
00118178 000013a8 T _strtod_l
00119520 0000000c T _strtod_r
0011952c 0000022c t _strtoll_l.constprop.0
00119758 00000004 T _strtoll_r
0011975c 000001a4 t _strtol_l.part.0
00119900 0000003c T _strtol_r
0011993c 00000244 t _strtoull_l.constprop.0
00119b80 00000004 T _strtoull_r
00119b84 00000188 T __ssprint_r
00119d0c 000000d4 T _sungetc_r
00119de0 0000006c T __ssrefill_r
00119e4c 000000c4 T _sfread_r
00119f10 0000066c t get_arg
0011a580 00003334 T _svfprintf_r
0011d8b4 000000a8 T __submore
0011d95c 0000066c t get_arg
0011dfc8 00000030 T __sprint_r
0011dff8 000022ec T _vfiprintf_r
001202e4 000000d0 t __sbprintf
001203b4 00000188 T _wcsnrtombs_l
0012053c 0000004c T _wcsnrtombs_r
00120588 000000f0 T __utf8_wctomb
00120678 0000005c T __assert_func
001206d4 0000003c T fiprintf
00120710 000000f0 t rshift
00120800 00000814 T __gethex
00121014 0000004c T __match
00121060 0000029c T __hexnan
001212fc 0000003c T iswspace_l
00121338 000001d8 t __jp2uc
00121510 0000009c T _jp2uc_l
001215b0 00000010 T nan
001215c0 00000014 T abort
001215d4 0000008c T category
00121660 00000090 T _raise_r
001216f0 00000018 T raise
00121708 00000008 t null_write
00121710 00000018 T setDefaultDevice
00121728 000000c8 T FindDevice
001217f0 00000028 T RemoveDevice
00121818 0000009c T AddDevice
001218b4 00000020 T GetDeviceOpTab
001218d4 00000078 T _fstat_r
0012194c 00000014 T _getpid_r
00121960 00000008 T _isatty_r
00121968 00000014 T _kill_r
0012197c 00000084 T _lseek_r
00121a00 000000c0 T _open_r
00121ac0 00000080 T _read_r
00121b40 00000078 T _sbrk_r
00121bb8 00000080 T _write_r
00121c38 00000020 T _exit
00121c58 000001a4 T _concatenate_path
00121dfc 00000140 T chdir
00121f3c 00000008 T __flockfile
00121f44 00000008 T __funlockfile
00121f4c 0000008c T __release_handle
00121fd8 000000b0 T __alloc_handle
00122088 0000003c T __get_handle
001220c4 000000f4 T _close_r
001221b8 0000002c T __getreent
001221e4 0000001c T __libc_lock_acquire
00122200 0000001c T __libc_lock_release
0012221c 0000001c T __libc_lock_init_recursive
00122238 0000001c T __libc_lock_acquire_recursive
00122254 0000001c T __libc_lock_release_recursive
00122270 0000001c T __libc_lock_close_recursive
0012228c 00000038 T __aeabi_d2lz
0012228c 00000038 T __fixdfdi
001222c8 00000040 T __aeabi_d2ulz
001222c8 00000040 T __fixunsdfdi
00122308 00000048 T strrchr
00122350 T _fini
0012323c r .LC28
00123310 00000070 r dotab_stdout
00123380 00000018 r grayScale
00123398 00000006 r colorCube
001233a0 00000030 r colorTable
001233f4 00000008 r morton_y.2
001233fc 00000008 r morton_x.3
00123404 00000008 r s_sleepWakeEvents.4
00123438 R default_font_bin
00123c38 R default_font_bin_end
00123c68 00000030 r error_table
00123ca0 00000070 r archive_devoptab
00123d18 00000004 R _global_impure_ptr
00123d24 00000022 r basefix.0
00123d84 00000010 r zeroes.0
00123d94 00000010 r blanks.1
00123da4 00000101 R _ctype_
00123eb8 r .LC2
00123fac 0000000c r p05.0
00123fb8 00000028 R __mprec_bigtens
00123fe0 000000c8 R __mprec_tens
001240b8 00000014 r fpinan.0
001240cc 00000014 r fpi.1
001240e0 00000028 r tinytens
00124108 0000006c R __action_table
00124174 0000006c R __state_table
001241e0 00000100 R __chclass
001242e0 00000010 r zeroes.0
001242f0 00000010 r blanks.1
00124300 00000010 r zeroes.0
00124310 00000010 r blanks.1
001243b0 00000100 R __hexdig
001244c4 00001a7c r d02f4
00125f40 0000172a r b02cf
0012766c 00000040 r a8
001276ac 000000a2 r a7
00127750 00000070 r a6
001277c0 0000005b r a3
0012781c 000000bc r a2
001278d8 000000bc r a1
00127994 00003528 r categories
0012aebc 00000070 R dotab_stdnull
0012af2c R __tdata_align
0012af30 r 
0012af30 R __exidx_end
0012af30 R __exidx_start
0012b000 00000001 d firstConsoleInit.0
0012b004 00000004 D currentConsole
0012b008 00000048 D defaultConsole
0012b050 00000004 d kCount
0012b054 00000004 d kInterval
0012b058 00000004 d kDelay
0012b05c W __stacksize__
0012b060 00000004 D _impure_ptr
0012b068 00000460 d impure_data
0012b4c8 00000004 D __malloc_sbrk_base
0012b4cc 00000004 D __malloc_trim_threshold
0012b4d0 00000408 D __malloc_av_
0012b8d8 0000016c D __global_locale
0012ba44 0000008c D devoptab_list
0012bad0 00000004 d defaultDevice
0012bad4 00000400 d _current_working_directory
0012bed4 00001000 d handles
0012ced4 0000000c d __stderr_handle
0012cee0 0000000c d __stdout_handle
0012ceec 0000000c d __stdin_handle
0012cf00 d _GLOBAL_OFFSET_TABLE_
0012cf0c d __frame_dummy_init_array_entry
0012cf0c D __init_array_start
0012cf0c B __preinit_array_end
0012cf0c B __preinit_array_start
0012cf0c D __tdata_lma
0012cf0c D __tdata_lma_end
0012cf10 d __do_global_dtors_aux_fini_array_entry
0012cf10 D __fini_array_start
0012cf10 D __init_array_end
0012cf14 D __bss_start__
0012cf14 D __fini_array_end
0012cf14 00000004 B ret
0012cf18 00000048 B topScreen
0012cf60 00000048 B bottomScreen
0012cfa8 00000008 B context
0012cfb0 00000004 B url
0012cfb4 00000100 B buf
0012d0b4 b completed.1
0012d0b8 b object.0
0012d0d0 00000048 B currentCopy
0012d118 00000004 b screenAlloc
0012d11c 00000004 b screenFree
0012d120 00000002 b gfxIsDoubleBuf
0012d124 00000002 b gfxCurBuf
0012d126 00000001 b gfxIsVram
0012d127 00000001 b gfxTopMode
0012d128 00000002 b gfxFramebufferFormats
0012d12c 00000004 b gfxBottomFramebufferMaxSize
0012d130 00000004 b gfxTopFramebufferMaxSize
0012d138 00000008 b gfxBottomFramebuffers
0012d140 00000008 b gfxTopFramebuffers
0012d148 00000007 b gspEventCbOneShot
0012d150 0000001c b gspEventCbData
0012d16c 0000001c b gspEventCb
0012d188 00000038 b gspEvents
0012d1c0 00000004 b gspLastEvent
0012d1c4 00000001 b gspRunEvents
0012d1c8 00000004 b gspEventThread
0012d1cc 00000004 b gspEvent
0012d1d0 00000001 b gspGpuRight
0012d1d1 00000001 b gspThreadId
0012d1d4 00000004 b gspSharedMem
0012d1d8 00000004 b gspSharedMemHandle
0012d1dc 00000004 b gspRefCount
0012d1e0 00000004 b gspGpuHandle
0012d1e4 00000001 b flagValue.0
0012d1e5 00000001 b flagInit.1
0012d1e8 00000004 b serviceName.6
0012d1ec 00000001 b aptChainloadMediatype
0012d1f0 00000008 b aptChainloadTid
0012d1f8 00000001 b aptChainloadFlags
0012d1fc 00001000 b aptParameters
0012e1fc 00000004 b aptFlags
0012e200 00000001 b aptHomeButtonState
0012e204 00000004 b aptMessageFuncData
0012e208 00000004 b aptMessageFunc
0012e20c 0000000c b aptFirstHook
0012e218 00000001 b aptEventHandlerThreadQuit
0012e21c 00000004 b aptEventHandlerThread
0012e220 00000008 b aptSleepEvent
0012e228 00000008 b aptReceiveEvent
0012e230 00000008 b aptEvents
0012e238 00000004 b aptLockHandle
0012e23c 00000004 b aptRefCount
0012e240 00000001 b usingIrrst
0012e244 00000004 b hidRefCount
0012e248 00000006 b gRate
0012e250 00000006 b aVec
0012e258 00000004 b cPos
0012e25c 00000004 b tPos
0012e260 00000004 b kRepeat
0012e264 00000004 b kUp
0012e268 00000004 b kDown
0012e26c 00000004 b kHeld
0012e270 00000004 b kOld
0012e274 00000004 B hidSharedMem
0012e278 00000014 B hidEvents
0012e28c 00000004 B hidMemHandle
0012e290 00000004 B hidHandle
0012e294 00000004 b __httpc_sharedmem_handle
0012e298 00000004 b __httpc_sharedmem_size
0012e29c 00000004 B __httpc_sharedmem_addr
0012e2a0 00000004 b __httpc_refcount
0012e2a4 00000004 B __httpc_servhandle
0012e2a8 00000004 B __system_retAddr
0012e2ac 00000004 B __system_argv
0012e2b0 00000004 B __system_argc
0012e2b4 b saved_stack
0012e2c0 00000008 b sVramPoolB
0012e2c8 00000008 b sVramPoolA
0012e2d0 0000000c b sAddrMap
0012e2e0 00000008 b sLinearPool
0012e2e8 0000000c b sAddrMap
0012e2f4 00000004 b arbiter
0012e2f8 00000001 V __ctru_speedup
0012e2fc 00000004 B __3dslink_host
0012e300 00000004 b srvRefCount
0012e304 00000004 b srvHandle
0012e308 00000004 b currentAddr
0012e30c 00000004 b maxAddr
0012e310 00000004 b minAddr
0012e314 00000004 b irrstRefCount
0012e318 00000004 b csPos
0012e31c 00000004 b kHeld
0012e320 00000004 B irrstSharedMem
0012e324 00000004 B irrstEvent
0012e328 00000004 B irrstMemHandle
0012e32c 00000004 B irrstHandle
0012e330 00000004 b srvPmHandle
0012e334 00000004 b ptmSysmRefCount
0012e338 00000004 b ptmSysmHandle
0012e33c 00000004 V __ctru_linear_heap_size
0012e340 00000004 V __ctru_heap_size
0012e344 00000004 B __ctru_linear_heap
0012e348 00000004 B __ctru_heap
0012e350 00000540 b archive_devices
0012e890 00000004 b archive_device_cwd
0012e894 00000001 b archive_initialized
0012e898 00000080 b fsExemptArchives
0012e918 00000004 b fsuRefCount
0012e91c 00000004 b fsuHandle
0012e920 0000000c b __sinit_recursive_mutex
0012e92c 0000000c b __sfp_recursive_mutex
0012e938 00000028 B __malloc_current_mallinfo
0012e960 00000004 B __malloc_max_total_mem
0012e964 00000004 B __malloc_max_sbrked_mem
0012e968 00000004 B __malloc_top_pad
0012e96c 0000000c b __malloc_recursive_mutex
0012e978 0000000c B __atexit_recursive_mutex
0012e984 00000004 b heap_start.0
0012e988 00000004 B fake_heap_start
0012e98c 00000004 B fake_heap_end
0012e990 00000400 b temp_cwd
0012ed90 00000004 b __hndl_lock
0012ed94 B __tls_start
0012f99c B __bss_end__
0012f99c A __end__
0012f99c B __tls_end
